<?xml version="1.0" encoding="UTF-8"?>
<!-- Generated by org.testng.reporters.JUnitReportReporter -->
<testsuite hostname="VI207005" name="GetCall" tests="1" failures="0" timestamp="27 May 2019 05:34:54 GMT" time="3.880" errors="0">
  <testcase name="test_No_of_circuits" time="3.880" classname="GetCall"/>
</testsuite> <!-- GetCall -->
